2024-03-12 11:33:17,829 INFO o.a.j.u.JMeterUtils: Setting Locale to en_EN
2024-03-12 11:33:17,843 INFO o.a.j.JMeter: Loading user properties from: C:\Users\Sandoval\Desktop\jmeter\apache-jmeter-5.6.3\bin\user.properties
2024-03-12 11:33:17,843 INFO o.a.j.JMeter: Loading system properties from: C:\Users\Sandoval\Desktop\jmeter\apache-jmeter-5.6.3\bin\system.properties
2024-03-12 11:33:17,849 INFO o.a.j.JMeter: Copyright (c) 1998-2024 The Apache Software Foundation
2024-03-12 11:33:17,850 INFO o.a.j.JMeter: Version 5.6.3
2024-03-12 11:33:17,850 INFO o.a.j.JMeter: java.version=1.8.0_331
2024-03-12 11:33:17,850 INFO o.a.j.JMeter: java.vm.name=Java HotSpot(TM) Client VM
2024-03-12 11:33:17,850 INFO o.a.j.JMeter: os.name=Windows 10
2024-03-12 11:33:17,850 INFO o.a.j.JMeter: os.arch=x86
2024-03-12 11:33:17,850 INFO o.a.j.JMeter: os.version=10.0
2024-03-12 11:33:17,850 INFO o.a.j.JMeter: file.encoding=Cp1252
2024-03-12 11:33:17,850 INFO o.a.j.JMeter: java.awt.headless=null
2024-03-12 11:33:17,850 INFO o.a.j.JMeter: Max memory     =1073741824
2024-03-12 11:33:17,850 INFO o.a.j.JMeter: Available Processors =12
2024-03-12 11:33:17,854 INFO o.a.j.JMeter: Default Locale=English (EN)
2024-03-12 11:33:17,854 INFO o.a.j.JMeter: JMeter  Locale=English (EN)
2024-03-12 11:33:17,854 INFO o.a.j.JMeter: JMeterHome=C:\Users\Sandoval\Desktop\jmeter\apache-jmeter-5.6.3
2024-03-12 11:33:17,854 INFO o.a.j.JMeter: user.dir  =C:\Users\Sandoval\Desktop\jmeter\apache-jmeter-5.6.3
2024-03-12 11:33:17,855 INFO o.a.j.JMeter: PWD       =C:\Users\Sandoval\Desktop\jmeter\apache-jmeter-5.6.3
2024-03-12 11:33:17,856 INFO o.a.j.JMeter: IP: 10.105.0.5 Name: DESKTOP-44EC0DN FullName: DESKTOP-44EC0DN
2024-03-12 11:33:17,873 INFO o.a.j.JMeter: Loaded icon properties from org/apache/jmeter/images/icon.properties
2024-03-12 11:33:18,038 INFO o.a.j.JMeterGuiLauncher: Setting LAF to: com.github.weisj.darklaf.DarkLaf:com.github.weisj.darklaf.theme.IntelliJTheme
2024-03-12 11:42:47,019 INFO o.a.j.s.FileServer: Default base='C:\Users\Sandoval\Desktop\jmeter\apache-jmeter-5.6.3'
2024-03-12 11:42:47,021 INFO o.a.j.g.a.Load: Loading file: C:\Users\Sandoval\Downloads\-2.jmx
2024-03-12 11:42:47,022 INFO o.a.j.s.FileServer: Set new base='C:\Users\Sandoval\Downloads'
2024-03-12 11:42:47,129 INFO o.a.j.s.SaveService: Testplan (JMX) version: 2.2. Testlog (JTL) version: 2.2
2024-03-12 11:42:47,145 INFO o.a.j.s.SaveService: Using SaveService properties file encoding UTF-8
2024-03-12 11:42:47,146 INFO o.a.j.s.SaveService: Using SaveService properties version 5.0
2024-03-12 11:42:47,149 INFO o.a.j.s.SaveService: Loading file: C:\Users\Sandoval\Downloads\-2.jmx
2024-03-12 11:42:47,149 WARN o.a.j.g.a.Load: Error reading file. java.io.FileNotFoundException: C:\Users\Sandoval\Downloads\-2.jmx (El sistema no puede encontrar el archivo especificado)
2024-03-12 11:42:47,149 ERROR o.a.j.u.JMeterUtils: C:\Users\Sandoval\Downloads\-2.jmx (El sistema no puede encontrar el archivo especificado)
2024-03-12 11:42:51,009 INFO o.a.j.g.a.Load: Loading file: C:\Users\Sandoval\Downloads\-2 (1).jmx
2024-03-12 11:42:51,009 INFO o.a.j.s.FileServer: Set new base='C:\Users\Sandoval\Downloads'
2024-03-12 11:42:51,009 INFO o.a.j.s.SaveService: Loading file: C:\Users\Sandoval\Downloads\-2 (1).jmx
2024-03-12 11:42:51,009 WARN o.a.j.g.a.Load: Error reading file. java.io.FileNotFoundException: C:\Users\Sandoval\Downloads\-2 (1).jmx (El sistema no puede encontrar el archivo especificado)
2024-03-12 11:42:51,010 ERROR o.a.j.u.JMeterUtils: C:\Users\Sandoval\Downloads\-2 (1).jmx (El sistema no puede encontrar el archivo especificado)
2024-03-12 11:43:31,486 INFO o.a.j.g.a.Load: Loading file: C:\Users\Sandoval\Downloads\-2.jmx
2024-03-12 11:43:31,486 INFO o.a.j.s.FileServer: Set new base='C:\Users\Sandoval\Downloads'
2024-03-12 11:43:31,486 INFO o.a.j.s.SaveService: Loading file: C:\Users\Sandoval\Downloads\-2.jmx
2024-03-12 11:43:31,509 INFO o.a.j.p.h.c.CookieManager: Settings: Delete null: true Check: true Allow variable: true Save: false Prefix: COOKIE_
2024-03-12 11:43:31,519 INFO o.a.j.p.h.s.HTTPSamplerBase: Parser for text/html is org.apache.jmeter.protocol.http.parser.LagartoBasedHtmlParser
2024-03-12 11:43:31,519 INFO o.a.j.p.h.s.HTTPSamplerBase: Parser for application/xhtml+xml is org.apache.jmeter.protocol.http.parser.LagartoBasedHtmlParser
2024-03-12 11:43:31,519 INFO o.a.j.p.h.s.HTTPSamplerBase: Parser for application/xml is org.apache.jmeter.protocol.http.parser.LagartoBasedHtmlParser
2024-03-12 11:43:31,520 INFO o.a.j.p.h.s.HTTPSamplerBase: Parser for text/xml is org.apache.jmeter.protocol.http.parser.LagartoBasedHtmlParser
2024-03-12 11:43:31,520 INFO o.a.j.p.h.s.HTTPSamplerBase: Parser for text/vnd.wap.wml is org.apache.jmeter.protocol.http.parser.RegexpHTMLParser
2024-03-12 11:43:31,520 INFO o.a.j.p.h.s.HTTPSamplerBase: Parser for text/css is org.apache.jmeter.protocol.http.parser.CssParser
2024-03-12 11:43:31,836 INFO o.a.j.s.SampleResult: Note: Sample TimeStamps are START times
2024-03-12 11:43:31,837 INFO o.a.j.s.SampleResult: sampleresult.default.encoding is set to UTF-8
2024-03-12 11:43:31,837 INFO o.a.j.s.SampleResult: sampleresult.useNanoTime=true
2024-03-12 11:43:31,837 INFO o.a.j.s.SampleResult: sampleresult.nanoThreadSleep=5000
2024-03-12 11:43:32,156 INFO o.a.j.s.FileServer: Set new base='C:\Users\Sandoval\Downloads'
2024-03-12 11:43:56,056 INFO o.a.j.e.StandardJMeterEngine: Running the test!
2024-03-12 11:43:56,056 INFO o.a.j.s.SampleEvent: List of sample_variables: []
2024-03-12 11:43:56,056 INFO o.a.j.s.SampleEvent: List of sample_variables: []
2024-03-12 11:43:56,057 INFO o.a.j.e.u.CompoundVariable: Note: Function class names must contain the string: '.functions.'
2024-03-12 11:43:56,058 INFO o.a.j.e.u.CompoundVariable: Note: Function class names must not contain the string: '.gui.'
2024-03-12 11:43:56,371 INFO o.a.j.g.u.JMeterMenuBar: setRunning(true, *local*)
2024-03-12 11:43:56,449 INFO o.a.j.e.StandardJMeterEngine: Starting ThreadGroup: 1 : Thread Group
2024-03-12 11:43:56,449 INFO o.a.j.e.StandardJMeterEngine: Starting 1 threads for group Thread Group.
2024-03-12 11:43:56,449 INFO o.a.j.e.StandardJMeterEngine: Thread will continue on error
2024-03-12 11:43:56,450 INFO o.a.j.t.ThreadGroup: Starting thread group... number=1 threads=1 ramp-up=1 delayedStart=false
2024-03-12 11:43:56,454 INFO o.a.j.t.ThreadGroup: Started thread group number 1
2024-03-12 11:43:56,454 INFO o.a.j.e.StandardJMeterEngine: All thread groups have been started
2024-03-12 11:43:56,457 INFO o.a.j.t.JMeterThread: Thread started: Thread Group 1-1
2024-03-12 11:43:56,470 INFO o.a.j.p.h.s.HTTPHCAbstractImpl: Local host = DESKTOP-44EC0DN
2024-03-12 11:43:56,475 INFO o.a.j.p.h.s.HTTPHC4Impl: HTTP request retry count = 0
2024-03-12 11:43:56,553 INFO o.a.j.p.h.s.h.LazyLayeredConnectionSocketFactory: Setting up HTTPS TrustAll Socket Factory
2024-03-12 11:43:56,556 INFO o.a.j.u.JsseSSLManager: Using default SSL protocol: TLS
2024-03-12 11:43:56,556 INFO o.a.j.u.JsseSSLManager: SSL session context: per-thread
2024-03-12 11:43:57,141 INFO o.a.j.u.SSLManager: JmeterKeyStore Location:  type JKS
2024-03-12 11:43:57,144 INFO o.a.j.u.SSLManager: KeyStore created OK
2024-03-12 11:43:57,144 WARN o.a.j.u.SSLManager: Keystore file not found, loading empty keystore
2024-03-12 11:43:58,054 INFO o.a.j.t.JMeterThread: Thread is done: Thread Group 1-1
2024-03-12 11:43:58,055 INFO o.a.j.t.JMeterThread: Thread finished: Thread Group 1-1
2024-03-12 11:43:58,056 INFO o.a.j.e.StandardJMeterEngine: Notifying test listeners of end of test
2024-03-12 11:43:58,056 INFO o.a.j.g.u.JMeterMenuBar: setRunning(false, *local*)
2024-03-12 11:45:02,470 INFO o.a.j.g.a.Load: Loading file: C:\Users\Sandoval\Downloads\-2.jmx
2024-03-12 11:45:02,471 INFO o.a.j.s.FileServer: Set new base='C:\Users\Sandoval\Downloads'
2024-03-12 11:45:02,471 INFO o.a.j.s.SaveService: Loading file: C:\Users\Sandoval\Downloads\-2.jmx
2024-03-12 11:45:02,635 INFO o.a.j.s.FileServer: Set new base='C:\Users\Sandoval\Downloads'
2024-03-12 11:45:10,339 INFO o.a.j.e.StandardJMeterEngine: Running the test!
2024-03-12 11:45:10,340 INFO o.a.j.s.SampleEvent: List of sample_variables: []
2024-03-12 11:45:10,343 INFO o.a.j.g.u.JMeterMenuBar: setRunning(true, *local*)
2024-03-12 11:45:10,494 INFO o.a.j.e.StandardJMeterEngine: Starting ThreadGroup: 1 : Thread Group
2024-03-12 11:45:10,494 INFO o.a.j.e.StandardJMeterEngine: Starting 1 threads for group Thread Group.
2024-03-12 11:45:10,494 INFO o.a.j.e.StandardJMeterEngine: Thread will continue on error
2024-03-12 11:45:10,494 INFO o.a.j.t.ThreadGroup: Starting thread group... number=1 threads=1 ramp-up=1 delayedStart=false
2024-03-12 11:45:10,496 INFO o.a.j.t.ThreadGroup: Started thread group number 1
2024-03-12 11:45:10,496 INFO o.a.j.e.StandardJMeterEngine: All thread groups have been started
2024-03-12 11:45:10,497 INFO o.a.j.t.JMeterThread: Thread started: Thread Group 1-1
2024-03-12 11:45:11,314 INFO o.a.j.t.JMeterThread: Thread is done: Thread Group 1-1
2024-03-12 11:45:11,314 INFO o.a.j.t.JMeterThread: Thread finished: Thread Group 1-1
2024-03-12 11:45:11,314 INFO o.a.j.e.StandardJMeterEngine: Notifying test listeners of end of test
2024-03-12 11:45:11,314 INFO o.a.j.g.u.JMeterMenuBar: setRunning(false, *local*)
2024-03-12 11:45:53,428 INFO o.a.j.e.StandardJMeterEngine: Running the test!
2024-03-12 11:45:53,428 INFO o.a.j.s.SampleEvent: List of sample_variables: []
2024-03-12 11:45:53,430 INFO o.a.j.g.u.JMeterMenuBar: setRunning(true, *local*)
2024-03-12 11:45:53,526 INFO o.a.j.e.StandardJMeterEngine: Starting ThreadGroup: 1 : Thread Group
2024-03-12 11:45:53,526 INFO o.a.j.e.StandardJMeterEngine: Starting 1 threads for group Thread Group.
2024-03-12 11:45:53,526 INFO o.a.j.e.StandardJMeterEngine: Thread will continue on error
2024-03-12 11:45:53,526 INFO o.a.j.t.ThreadGroup: Starting thread group... number=1 threads=1 ramp-up=1 delayedStart=false
2024-03-12 11:45:53,527 INFO o.a.j.t.ThreadGroup: Started thread group number 1
2024-03-12 11:45:53,528 INFO o.a.j.e.StandardJMeterEngine: All thread groups have been started
2024-03-12 11:45:53,529 INFO o.a.j.t.JMeterThread: Thread started: Thread Group 1-1
2024-03-12 11:45:53,871 INFO o.a.j.t.JMeterThread: Thread is done: Thread Group 1-1
2024-03-12 11:45:53,871 INFO o.a.j.t.JMeterThread: Thread finished: Thread Group 1-1
2024-03-12 11:45:53,872 INFO o.a.j.e.StandardJMeterEngine: Notifying test listeners of end of test
2024-03-12 11:45:53,872 INFO o.a.j.g.u.JMeterMenuBar: setRunning(false, *local*)
2024-03-12 11:46:50,935 INFO o.a.j.e.StandardJMeterEngine: Running the test!
2024-03-12 11:46:50,936 INFO o.a.j.s.SampleEvent: List of sample_variables: []
2024-03-12 11:46:50,939 INFO o.a.j.g.u.JMeterMenuBar: setRunning(true, *local*)
2024-03-12 11:46:51,042 INFO o.a.j.e.StandardJMeterEngine: Starting ThreadGroup: 1 : Thread Group
2024-03-12 11:46:51,042 INFO o.a.j.e.StandardJMeterEngine: Starting 1 threads for group Thread Group.
2024-03-12 11:46:51,042 INFO o.a.j.e.StandardJMeterEngine: Thread will continue on error
2024-03-12 11:46:51,043 INFO o.a.j.t.ThreadGroup: Starting thread group... number=1 threads=1 ramp-up=1 delayedStart=false
2024-03-12 11:46:51,044 INFO o.a.j.t.ThreadGroup: Started thread group number 1
2024-03-12 11:46:51,044 INFO o.a.j.e.StandardJMeterEngine: All thread groups have been started
2024-03-12 11:46:51,045 INFO o.a.j.t.JMeterThread: Thread started: Thread Group 1-1
2024-03-12 11:46:51,372 INFO o.a.j.t.JMeterThread: Thread is done: Thread Group 1-1
2024-03-12 11:46:51,372 INFO o.a.j.t.JMeterThread: Thread finished: Thread Group 1-1
2024-03-12 11:46:51,372 INFO o.a.j.e.StandardJMeterEngine: Notifying test listeners of end of test
2024-03-12 11:46:51,373 INFO o.a.j.g.u.JMeterMenuBar: setRunning(false, *local*)
2024-03-12 14:20:06,770 INFO o.a.j.g.a.t.TemplateManager: Reading templates from: C:\Users\Sandoval\Desktop\jmeter\apache-jmeter-5.6.3\bin\templates\templates.xml
2024-03-12 14:20:13,462 INFO o.a.j.g.a.Load: Loading file: C:\Users\Sandoval\AppData\Local\Temp\Recording228617622707902345.output
2024-03-12 14:20:13,462 INFO o.a.j.s.SaveService: Loading file: C:\Users\Sandoval\AppData\Local\Temp\Recording228617622707902345.output
2024-03-12 14:20:13,716 INFO o.a.j.e.KeyToolUtils: keytool found at 'keytool'
2024-03-12 14:20:13,716 INFO o.a.j.p.h.p.ProxyControl: HTTP(S) Test Script Recorder SSL Proxy will use keys that support embedded 3rd party resources in file C:\Users\Sandoval\Desktop\jmeter\apache-jmeter-5.6.3\bin\proxyserver.jks
2024-03-12 14:39:33,919 INFO o.a.j.g.a.Load: Loading file: C:\Users\Sandoval\Downloads\-2.jmx
2024-03-12 14:39:33,919 INFO o.a.j.s.FileServer: Set new base='C:\Users\Sandoval\Downloads'
2024-03-12 14:39:33,919 INFO o.a.j.s.SaveService: Loading file: C:\Users\Sandoval\Downloads\-2.jmx
2024-03-12 14:39:34,142 INFO o.a.j.s.FileServer: Set new base='C:\Users\Sandoval\Downloads'
2024-03-12 14:39:51,970 INFO o.a.j.g.a.Load: Loading file: C:\Users\Sandoval\Downloads\bturnos-65.jmx
2024-03-12 14:39:51,970 INFO o.a.j.s.FileServer: Set new base='C:\Users\Sandoval\Downloads'
2024-03-12 14:39:51,970 INFO o.a.j.s.SaveService: Loading file: C:\Users\Sandoval\Downloads\bturnos-65.jmx
2024-03-12 14:39:52,130 INFO o.a.j.s.FileServer: Set new base='C:\Users\Sandoval\Downloads'
2024-03-12 14:42:11,158 INFO o.a.j.e.StandardJMeterEngine: Running the test!
2024-03-12 14:42:11,158 INFO o.a.j.s.SampleEvent: List of sample_variables: []
2024-03-12 14:42:11,160 INFO o.a.j.g.u.JMeterMenuBar: setRunning(true, *local*)
2024-03-12 14:42:11,160 INFO o.a.j.e.StandardJMeterEngine: Starting ThreadGroup: 1 : Thread Group
2024-03-12 14:42:11,160 INFO o.a.j.e.StandardJMeterEngine: Starting 1 threads for group Thread Group.
2024-03-12 14:42:11,170 INFO o.a.j.e.StandardJMeterEngine: Thread will continue on error
2024-03-12 14:42:11,170 INFO o.a.j.t.ThreadGroup: Starting thread group... number=1 threads=1 ramp-up=1 delayedStart=false
2024-03-12 14:42:11,173 INFO o.a.j.t.ThreadGroup: Started thread group number 1
2024-03-12 14:42:11,174 INFO o.a.j.e.StandardJMeterEngine: All thread groups have been started
2024-03-12 14:42:11,175 INFO o.a.j.t.JMeterThread: Thread started: Thread Group 1-1
2024-03-12 14:42:11,336 INFO o.a.j.t.JMeterThread: Thread is done: Thread Group 1-1
2024-03-12 14:42:11,336 INFO o.a.j.t.JMeterThread: Thread finished: Thread Group 1-1
2024-03-12 14:42:11,336 INFO o.a.j.e.StandardJMeterEngine: Notifying test listeners of end of test
2024-03-12 14:42:11,336 INFO o.a.j.g.u.JMeterMenuBar: setRunning(false, *local*)
2024-03-12 14:42:35,530 INFO o.a.j.e.StandardJMeterEngine: Running the test!
2024-03-12 14:42:35,530 INFO o.a.j.s.SampleEvent: List of sample_variables: []
2024-03-12 14:42:35,532 INFO o.a.j.g.u.JMeterMenuBar: setRunning(true, *local*)
2024-03-12 14:42:35,655 INFO o.a.j.e.StandardJMeterEngine: Starting ThreadGroup: 1 : Thread Group
2024-03-12 14:42:35,655 INFO o.a.j.e.StandardJMeterEngine: Starting 1 threads for group Thread Group.
2024-03-12 14:42:35,655 INFO o.a.j.e.StandardJMeterEngine: Thread will continue on error
2024-03-12 14:42:35,655 INFO o.a.j.t.ThreadGroup: Starting thread group... number=1 threads=1 ramp-up=1 delayedStart=false
2024-03-12 14:42:35,656 INFO o.a.j.t.ThreadGroup: Started thread group number 1
2024-03-12 14:42:35,656 INFO o.a.j.e.StandardJMeterEngine: All thread groups have been started
2024-03-12 14:42:35,656 INFO o.a.j.t.JMeterThread: Thread started: Thread Group 1-1
2024-03-12 14:42:35,819 INFO o.a.j.t.JMeterThread: Thread is done: Thread Group 1-1
2024-03-12 14:42:35,819 INFO o.a.j.t.JMeterThread: Thread finished: Thread Group 1-1
2024-03-12 14:42:35,820 INFO o.a.j.e.StandardJMeterEngine: Notifying test listeners of end of test
2024-03-12 14:42:35,820 INFO o.a.j.g.u.JMeterMenuBar: setRunning(false, *local*)
2024-03-12 14:42:52,111 INFO o.a.j.e.StandardJMeterEngine: Running the test!
2024-03-12 14:42:52,112 INFO o.a.j.s.SampleEvent: List of sample_variables: []
2024-03-12 14:42:52,113 INFO o.a.j.g.u.JMeterMenuBar: setRunning(true, *local*)
2024-03-12 14:42:52,226 INFO o.a.j.e.StandardJMeterEngine: Starting ThreadGroup: 1 : Thread Group
2024-03-12 14:42:52,227 INFO o.a.j.e.StandardJMeterEngine: Starting 1 threads for group Thread Group.
2024-03-12 14:42:52,227 INFO o.a.j.e.StandardJMeterEngine: Thread will continue on error
2024-03-12 14:42:52,227 INFO o.a.j.t.ThreadGroup: Starting thread group... number=1 threads=1 ramp-up=1 delayedStart=false
2024-03-12 14:42:52,227 INFO o.a.j.t.ThreadGroup: Started thread group number 1
2024-03-12 14:42:52,227 INFO o.a.j.e.StandardJMeterEngine: All thread groups have been started
2024-03-12 14:42:52,228 INFO o.a.j.t.JMeterThread: Thread started: Thread Group 1-1
2024-03-12 14:42:52,636 INFO o.a.j.t.JMeterThread: Thread is done: Thread Group 1-1
2024-03-12 14:42:52,636 INFO o.a.j.t.JMeterThread: Thread finished: Thread Group 1-1
2024-03-12 14:42:52,637 INFO o.a.j.e.StandardJMeterEngine: Notifying test listeners of end of test
2024-03-12 14:42:52,637 INFO o.a.j.g.u.JMeterMenuBar: setRunning(false, *local*)
2024-03-12 14:43:23,409 INFO o.a.j.e.StandardJMeterEngine: Running the test!
2024-03-12 14:43:23,410 INFO o.a.j.s.SampleEvent: List of sample_variables: []
2024-03-12 14:43:23,411 INFO o.a.j.g.u.JMeterMenuBar: setRunning(true, *local*)
2024-03-12 14:43:23,527 INFO o.a.j.e.StandardJMeterEngine: Starting ThreadGroup: 1 : Thread Group
2024-03-12 14:43:23,527 INFO o.a.j.e.StandardJMeterEngine: Starting 1 threads for group Thread Group.
2024-03-12 14:43:23,527 INFO o.a.j.e.StandardJMeterEngine: Thread will continue on error
2024-03-12 14:43:23,527 INFO o.a.j.t.ThreadGroup: Starting thread group... number=1 threads=1 ramp-up=1 delayedStart=false
2024-03-12 14:43:23,528 INFO o.a.j.t.ThreadGroup: Started thread group number 1
2024-03-12 14:43:23,528 INFO o.a.j.e.StandardJMeterEngine: All thread groups have been started
2024-03-12 14:43:23,529 INFO o.a.j.t.JMeterThread: Thread started: Thread Group 1-1
2024-03-12 14:43:23,920 INFO o.a.j.t.JMeterThread: Thread is done: Thread Group 1-1
2024-03-12 14:43:23,920 INFO o.a.j.t.JMeterThread: Thread finished: Thread Group 1-1
2024-03-12 14:43:23,921 INFO o.a.j.e.StandardJMeterEngine: Notifying test listeners of end of test
2024-03-12 14:43:23,921 INFO o.a.j.g.u.JMeterMenuBar: setRunning(false, *local*)
2024-03-12 14:44:06,086 INFO o.a.j.e.StandardJMeterEngine: Running the test!
2024-03-12 14:44:06,086 INFO o.a.j.s.SampleEvent: List of sample_variables: []
2024-03-12 14:44:06,087 INFO o.a.j.g.u.JMeterMenuBar: setRunning(true, *local*)
2024-03-12 14:44:06,209 INFO o.a.j.e.StandardJMeterEngine: Starting ThreadGroup: 1 : Thread Group
2024-03-12 14:44:06,209 INFO o.a.j.e.StandardJMeterEngine: Starting 1 threads for group Thread Group.
2024-03-12 14:44:06,209 INFO o.a.j.e.StandardJMeterEngine: Thread will continue on error
2024-03-12 14:44:06,209 INFO o.a.j.t.ThreadGroup: Starting thread group... number=1 threads=1 ramp-up=1 delayedStart=false
2024-03-12 14:44:06,210 INFO o.a.j.t.ThreadGroup: Started thread group number 1
2024-03-12 14:44:06,210 INFO o.a.j.e.StandardJMeterEngine: All thread groups have been started
2024-03-12 14:44:06,211 INFO o.a.j.t.JMeterThread: Thread started: Thread Group 1-1
2024-03-12 14:44:06,524 INFO o.a.j.t.JMeterThread: Thread is done: Thread Group 1-1
2024-03-12 14:44:06,524 INFO o.a.j.t.JMeterThread: Thread finished: Thread Group 1-1
2024-03-12 14:44:06,524 INFO o.a.j.e.StandardJMeterEngine: Notifying test listeners of end of test
2024-03-12 14:44:06,525 INFO o.a.j.g.u.JMeterMenuBar: setRunning(false, *local*)
2024-03-12 14:44:42,533 INFO o.a.j.e.StandardJMeterEngine: Running the test!
2024-03-12 14:44:42,533 INFO o.a.j.s.SampleEvent: List of sample_variables: []
2024-03-12 14:44:42,534 INFO o.a.j.g.u.JMeterMenuBar: setRunning(true, *local*)
2024-03-12 14:44:42,652 INFO o.a.j.e.StandardJMeterEngine: Starting ThreadGroup: 1 : Thread Group
2024-03-12 14:44:42,652 INFO o.a.j.e.StandardJMeterEngine: Starting 1 threads for group Thread Group.
2024-03-12 14:44:42,652 INFO o.a.j.e.StandardJMeterEngine: Thread will continue on error
2024-03-12 14:44:42,652 INFO o.a.j.t.ThreadGroup: Starting thread group... number=1 threads=1 ramp-up=1 delayedStart=false
2024-03-12 14:44:42,654 INFO o.a.j.t.ThreadGroup: Started thread group number 1
2024-03-12 14:44:42,654 INFO o.a.j.e.StandardJMeterEngine: All thread groups have been started
2024-03-12 14:44:42,655 INFO o.a.j.t.JMeterThread: Thread started: Thread Group 1-1
2024-03-12 14:44:43,163 INFO o.a.j.t.JMeterThread: Thread is done: Thread Group 1-1
2024-03-12 14:44:43,163 INFO o.a.j.t.JMeterThread: Thread finished: Thread Group 1-1
2024-03-12 14:44:43,163 INFO o.a.j.e.StandardJMeterEngine: Notifying test listeners of end of test
2024-03-12 14:44:43,163 INFO o.a.j.g.u.JMeterMenuBar: setRunning(false, *local*)
2024-03-12 14:45:15,872 INFO o.a.j.e.StandardJMeterEngine: Running the test!
2024-03-12 14:45:15,873 INFO o.a.j.s.SampleEvent: List of sample_variables: []
2024-03-12 14:45:15,874 INFO o.a.j.g.u.JMeterMenuBar: setRunning(true, *local*)
2024-03-12 14:45:15,977 INFO o.a.j.e.StandardJMeterEngine: Starting ThreadGroup: 1 : Thread Group
2024-03-12 14:45:15,977 INFO o.a.j.e.StandardJMeterEngine: Starting 1 threads for group Thread Group.
2024-03-12 14:45:15,977 INFO o.a.j.e.StandardJMeterEngine: Thread will continue on error
2024-03-12 14:45:15,977 INFO o.a.j.t.ThreadGroup: Starting thread group... number=1 threads=1 ramp-up=1 delayedStart=false
2024-03-12 14:45:15,979 INFO o.a.j.t.ThreadGroup: Started thread group number 1
2024-03-12 14:45:15,979 INFO o.a.j.e.StandardJMeterEngine: All thread groups have been started
2024-03-12 14:45:15,979 INFO o.a.j.t.JMeterThread: Thread started: Thread Group 1-1
2024-03-12 14:45:16,658 INFO o.a.j.t.JMeterThread: Thread is done: Thread Group 1-1
2024-03-12 14:45:16,658 INFO o.a.j.t.JMeterThread: Thread finished: Thread Group 1-1
2024-03-12 14:45:16,658 INFO o.a.j.e.StandardJMeterEngine: Notifying test listeners of end of test
2024-03-12 14:45:16,658 INFO o.a.j.g.u.JMeterMenuBar: setRunning(false, *local*)
2024-03-12 14:51:26,061 INFO o.a.j.e.StandardJMeterEngine: Running the test!
2024-03-12 14:51:26,062 INFO o.a.j.s.SampleEvent: List of sample_variables: []
2024-03-12 14:51:26,066 INFO o.a.j.g.u.JMeterMenuBar: setRunning(true, *local*)
2024-03-12 14:51:26,295 INFO o.a.j.e.StandardJMeterEngine: Starting ThreadGroup: 1 : Thread Group
2024-03-12 14:51:26,295 INFO o.a.j.e.StandardJMeterEngine: Starting 1 threads for group Thread Group.
2024-03-12 14:51:26,295 INFO o.a.j.e.StandardJMeterEngine: Thread will continue on error
2024-03-12 14:51:26,295 INFO o.a.j.t.ThreadGroup: Starting thread group... number=1 threads=1 ramp-up=1 delayedStart=false
2024-03-12 14:51:26,298 INFO o.a.j.t.ThreadGroup: Started thread group number 1
2024-03-12 14:51:26,298 INFO o.a.j.e.StandardJMeterEngine: All thread groups have been started
2024-03-12 14:51:26,299 INFO o.a.j.t.JMeterThread: Thread started: Thread Group 1-1
2024-03-12 14:51:27,923 INFO o.a.j.t.JMeterThread: Thread is done: Thread Group 1-1
2024-03-12 14:51:27,923 INFO o.a.j.t.JMeterThread: Thread finished: Thread Group 1-1
2024-03-12 14:51:27,924 INFO o.a.j.e.StandardJMeterEngine: Notifying test listeners of end of test
2024-03-12 14:51:27,924 INFO o.a.j.g.u.JMeterMenuBar: setRunning(false, *local*)
2024-03-12 14:53:25,375 INFO o.a.j.e.StandardJMeterEngine: Running the test!
2024-03-12 14:53:25,375 INFO o.a.j.s.SampleEvent: List of sample_variables: []
2024-03-12 14:53:25,377 INFO o.a.j.g.u.JMeterMenuBar: setRunning(true, *local*)
2024-03-12 14:53:25,541 INFO o.a.j.e.StandardJMeterEngine: Starting ThreadGroup: 1 : Thread Group
2024-03-12 14:53:25,541 INFO o.a.j.e.StandardJMeterEngine: Starting 1 threads for group Thread Group.
2024-03-12 14:53:25,541 INFO o.a.j.e.StandardJMeterEngine: Thread will continue on error
2024-03-12 14:53:25,541 INFO o.a.j.t.ThreadGroup: Starting thread group... number=1 threads=1 ramp-up=1 delayedStart=false
2024-03-12 14:53:25,544 INFO o.a.j.t.ThreadGroup: Started thread group number 1
2024-03-12 14:53:25,544 INFO o.a.j.e.StandardJMeterEngine: All thread groups have been started
2024-03-12 14:53:25,545 INFO o.a.j.t.JMeterThread: Thread started: Thread Group 1-1
2024-03-12 14:53:26,243 INFO o.a.j.t.JMeterThread: Thread is done: Thread Group 1-1
2024-03-12 14:53:26,244 INFO o.a.j.t.JMeterThread: Thread finished: Thread Group 1-1
2024-03-12 14:53:26,244 INFO o.a.j.e.StandardJMeterEngine: Notifying test listeners of end of test
2024-03-12 14:53:26,244 INFO o.a.j.g.u.JMeterMenuBar: setRunning(false, *local*)
2024-03-12 14:56:46,976 INFO o.a.j.e.StandardJMeterEngine: Running the test!
2024-03-12 14:56:46,976 INFO o.a.j.s.SampleEvent: List of sample_variables: []
2024-03-12 14:56:46,982 INFO o.a.j.g.u.JMeterMenuBar: setRunning(true, *local*)
2024-03-12 14:56:47,138 INFO o.a.j.e.StandardJMeterEngine: Starting ThreadGroup: 1 : Thread Group
2024-03-12 14:56:47,138 INFO o.a.j.e.StandardJMeterEngine: Starting 1 threads for group Thread Group.
2024-03-12 14:56:47,138 INFO o.a.j.e.StandardJMeterEngine: Thread will continue on error
2024-03-12 14:56:47,138 INFO o.a.j.t.ThreadGroup: Starting thread group... number=1 threads=1 ramp-up=1 delayedStart=false
2024-03-12 14:56:47,141 INFO o.a.j.t.ThreadGroup: Started thread group number 1
2024-03-12 14:56:47,141 INFO o.a.j.e.StandardJMeterEngine: All thread groups have been started
2024-03-12 14:56:47,142 INFO o.a.j.t.JMeterThread: Thread started: Thread Group 1-1
2024-03-12 14:56:48,890 INFO o.a.j.t.JMeterThread: Thread is done: Thread Group 1-1
2024-03-12 14:56:48,890 INFO o.a.j.t.JMeterThread: Thread finished: Thread Group 1-1
2024-03-12 14:56:48,890 INFO o.a.j.e.StandardJMeterEngine: Notifying test listeners of end of test
2024-03-12 14:56:48,890 INFO o.a.j.g.u.JMeterMenuBar: setRunning(false, *local*)
2024-03-12 14:58:16,377 INFO o.a.j.e.StandardJMeterEngine: Running the test!
2024-03-12 14:58:16,378 INFO o.a.j.s.SampleEvent: List of sample_variables: []
2024-03-12 14:58:16,379 INFO o.a.j.g.u.JMeterMenuBar: setRunning(true, *local*)
2024-03-12 14:58:16,382 INFO o.a.j.e.StandardJMeterEngine: Starting ThreadGroup: 1 : Thread Group
2024-03-12 14:58:16,382 INFO o.a.j.e.StandardJMeterEngine: Starting 1 threads for group Thread Group.
2024-03-12 14:58:16,382 INFO o.a.j.e.StandardJMeterEngine: Thread will continue on error
2024-03-12 14:58:16,382 INFO o.a.j.t.ThreadGroup: Starting thread group... number=1 threads=1 ramp-up=1 delayedStart=false
2024-03-12 14:58:16,385 INFO o.a.j.t.ThreadGroup: Started thread group number 1
2024-03-12 14:58:16,385 INFO o.a.j.e.StandardJMeterEngine: All thread groups have been started
2024-03-12 14:58:16,386 INFO o.a.j.t.JMeterThread: Thread started: Thread Group 1-1
2024-03-12 14:58:17,867 INFO o.a.j.t.JMeterThread: Thread is done: Thread Group 1-1
2024-03-12 14:58:17,867 INFO o.a.j.t.JMeterThread: Thread finished: Thread Group 1-1
2024-03-12 14:58:17,867 INFO o.a.j.e.StandardJMeterEngine: Notifying test listeners of end of test
2024-03-12 14:58:17,868 INFO o.a.j.g.u.JMeterMenuBar: setRunning(false, *local*)
2024-03-12 15:00:03,371 INFO o.a.j.e.StandardJMeterEngine: Running the test!
2024-03-12 15:00:03,371 INFO o.a.j.s.SampleEvent: List of sample_variables: []
2024-03-12 15:00:03,373 INFO o.a.j.g.u.JMeterMenuBar: setRunning(true, *local*)
2024-03-12 15:00:03,528 INFO o.a.j.e.StandardJMeterEngine: Starting ThreadGroup: 1 : Thread Group
2024-03-12 15:00:03,528 INFO o.a.j.e.StandardJMeterEngine: Starting 1 threads for group Thread Group.
2024-03-12 15:00:03,528 INFO o.a.j.e.StandardJMeterEngine: Thread will continue on error
2024-03-12 15:00:03,528 INFO o.a.j.t.ThreadGroup: Starting thread group... number=1 threads=1 ramp-up=1 delayedStart=false
2024-03-12 15:00:03,530 INFO o.a.j.t.ThreadGroup: Started thread group number 1
2024-03-12 15:00:03,530 INFO o.a.j.e.StandardJMeterEngine: All thread groups have been started
2024-03-12 15:00:03,531 INFO o.a.j.t.JMeterThread: Thread started: Thread Group 1-1
2024-03-12 15:00:04,950 INFO o.a.j.t.JMeterThread: Thread is done: Thread Group 1-1
2024-03-12 15:00:04,950 INFO o.a.j.t.JMeterThread: Thread finished: Thread Group 1-1
2024-03-12 15:00:04,950 INFO o.a.j.e.StandardJMeterEngine: Notifying test listeners of end of test
2024-03-12 15:00:04,951 INFO o.a.j.g.u.JMeterMenuBar: setRunning(false, *local*)
