2025-01-17 15:14:17,510 INFO o.a.j.u.JMeterUtils: Setting Locale to en_EN
2025-01-17 15:14:17,525 INFO o.a.j.JMeter: Loading user properties from: user.properties
2025-01-17 15:14:17,526 INFO o.a.j.JMeter: Loading system properties from: system.properties
2025-01-17 15:14:17,533 INFO o.a.j.JMeter: Copyright (c) 1998-2024 The Apache Software Foundation
2025-01-17 15:14:17,534 INFO o.a.j.JMeter: Version 5.6.3
2025-01-17 15:14:17,534 INFO o.a.j.JMeter: java.version=1.8.0_431
2025-01-17 15:14:17,534 INFO o.a.j.JMeter: java.vm.name=Java HotSpot(TM) Client VM
2025-01-17 15:14:17,534 INFO o.a.j.JMeter: os.name=Windows 10
2025-01-17 15:14:17,534 INFO o.a.j.JMeter: os.arch=x86
2025-01-17 15:14:17,534 INFO o.a.j.JMeter: os.version=10.0
2025-01-17 15:14:17,534 INFO o.a.j.JMeter: file.encoding=Cp1252
2025-01-17 15:14:17,534 INFO o.a.j.JMeter: java.awt.headless=null
2025-01-17 15:14:17,534 INFO o.a.j.JMeter: Max memory     =1073741824
2025-01-17 15:14:17,534 INFO o.a.j.JMeter: Available Processors =12
2025-01-17 15:14:17,538 INFO o.a.j.JMeter: Default Locale=English (EN)
2025-01-17 15:14:17,539 INFO o.a.j.JMeter: JMeter  Locale=English (EN)
2025-01-17 15:14:17,539 INFO o.a.j.JMeter: JMeterHome=C:\Users\LuisSandoval\OneDrive\Documentos\GitHub\jmeter_plugins\apache-jmeter-5.6.3
2025-01-17 15:14:17,539 INFO o.a.j.JMeter: user.dir  =C:\Users\LuisSandoval\OneDrive\Documentos\GitHub\jmeter_plugins\apache-jmeter-5.6.3\bin
2025-01-17 15:14:17,539 INFO o.a.j.JMeter: PWD       =C:\Users\LuisSandoval\OneDrive\Documentos\GitHub\jmeter_plugins\apache-jmeter-5.6.3\bin
2025-01-17 15:14:17,541 INFO o.a.j.JMeter: IP: 192.168.0.234 Name: DESKTOP-3L248FS FullName: host.docker.internal
2025-01-17 15:14:17,560 INFO o.a.j.JMeter: Loaded icon properties from org/apache/jmeter/images/icon.properties
2025-01-17 15:14:17,744 INFO o.a.j.JMeterGuiLauncher: Setting LAF to: com.github.weisj.darklaf.DarkLaf:com.github.weisj.darklaf.theme.DarculaTheme
2025-01-17 15:14:19,158 INFO o.a.j.r.ClassFinder: Will scan jar C:\Users\LuisSandoval\OneDrive\Documentos\GitHub\jmeter_plugins\apache-jmeter-5.6.3\lib\ext\citrix-jmeter-0.7.7.jar with filter ExtendsClassFilter [parents=[interface org.apache.jmeter.gui.action.Command], inner=false, contains=null, notContains=null]. Consider exposing JMeter plugins via META-INF/services, and add JMeter-Skip-Class-Scanning=true manifest attribute so JMeter can skip classfile scanning
2025-01-17 15:14:19,820 INFO o.a.j.r.ClassFinder: Will scan jar C:\Users\LuisSandoval\OneDrive\Documentos\GitHub\jmeter_plugins\apache-jmeter-5.6.3\lib\ext\bzm-repositories-plugin-1.2.jar with filter ExtendsClassFilter [parents=[interface org.apache.jmeter.gui.action.Command], inner=false, contains=null, notContains=null]. Consider exposing JMeter plugins via META-INF/services, and add JMeter-Skip-Class-Scanning=true manifest attribute so JMeter can skip classfile scanning
2025-01-17 15:14:19,836 INFO o.a.j.r.ClassFinder: Will scan jar C:\Users\LuisSandoval\OneDrive\Documentos\GitHub\jmeter_plugins\apache-jmeter-5.6.3\lib\ext\jmeter-plugins-senseuploader-3.5.jar with filter ExtendsClassFilter [parents=[interface org.apache.jmeter.gui.action.Command], inner=false, contains=null, notContains=null]. Consider exposing JMeter plugins via META-INF/services, and add JMeter-Skip-Class-Scanning=true manifest attribute so JMeter can skip classfile scanning
2025-01-17 15:14:19,846 INFO o.a.j.r.ClassFinder: Will scan jar C:\Users\LuisSandoval\OneDrive\Documentos\GitHub\jmeter_plugins\apache-jmeter-5.6.3\lib\ext\jmeter-bzm-rte-3.3.jar with filter ExtendsClassFilter [parents=[interface org.apache.jmeter.gui.action.Command], inner=false, contains=null, notContains=null]. Consider exposing JMeter plugins via META-INF/services, and add JMeter-Skip-Class-Scanning=true manifest attribute so JMeter can skip classfile scanning
2025-01-17 15:14:19,888 INFO o.a.j.r.ClassFinder: Will scan jar C:\Users\LuisSandoval\OneDrive\Documentos\GitHub\jmeter_plugins\apache-jmeter-5.6.3\lib\ext\jmeter-bzm-http2-2.0.5.jar with filter ExtendsClassFilter [parents=[interface org.apache.jmeter.gui.action.Command], inner=false, contains=null, notContains=null]. Consider exposing JMeter plugins via META-INF/services, and add JMeter-Skip-Class-Scanning=true manifest attribute so JMeter can skip classfile scanning
2025-01-17 15:14:19,903 INFO o.a.j.r.ClassFinder: Will scan jar C:\Users\LuisSandoval\OneDrive\Documentos\GitHub\jmeter_plugins\apache-jmeter-5.6.3\lib\ext\jmeter-bzm-http2-1.6.2.jar with filter ExtendsClassFilter [parents=[interface org.apache.jmeter.gui.action.Command], inner=false, contains=null, notContains=null]. Consider exposing JMeter plugins via META-INF/services, and add JMeter-Skip-Class-Scanning=true manifest attribute so JMeter can skip classfile scanning
2025-01-17 15:14:19,910 INFO o.a.j.r.ClassFinder: Will scan jar C:\Users\LuisSandoval\OneDrive\Documentos\GitHub\jmeter_plugins\apache-jmeter-5.6.3\lib\ext\jmeter-bzm-correlation-recorder-2.5.jar with filter ExtendsClassFilter [parents=[interface org.apache.jmeter.gui.action.Command], inner=false, contains=null, notContains=null]. Consider exposing JMeter plugins via META-INF/services, and add JMeter-Skip-Class-Scanning=true manifest attribute so JMeter can skip classfile scanning
2025-01-17 15:14:19,993 INFO o.a.j.r.ClassFinder: Will scan jar C:\Users\LuisSandoval\OneDrive\Documentos\GitHub\jmeter_plugins\apache-jmeter-5.6.3\lib\ext\jmeter-bzm-hls-3.1.jar with filter ExtendsClassFilter [parents=[interface org.apache.jmeter.gui.action.Command], inner=false, contains=null, notContains=null]. Consider exposing JMeter plugins via META-INF/services, and add JMeter-Skip-Class-Scanning=true manifest attribute so JMeter can skip classfile scanning
2025-01-17 15:14:20,015 INFO o.a.j.r.ClassFinder: Will scan jar C:\Users\LuisSandoval\OneDrive\Documentos\GitHub\jmeter_plugins\apache-jmeter-5.6.3\lib\ext\jmeter.backendlistener.elasticsearch-2.7.1.jar with filter ExtendsClassFilter [parents=[interface org.apache.jmeter.gui.action.Command], inner=false, contains=null, notContains=null]. Consider exposing JMeter plugins via META-INF/services, and add JMeter-Skip-Class-Scanning=true manifest attribute so JMeter can skip classfile scanning
2025-01-17 15:14:20,781 INFO o.a.j.r.ClassFinder: Will scan jar C:\Users\LuisSandoval\OneDrive\Documentos\GitHub\jmeter_plugins\apache-jmeter-5.6.3\lib\ext\jmeter-plugins-manager-1.10.jar with filter ExtendsClassFilter [parents=[interface org.apache.jmeter.gui.action.Command], inner=false, contains=null, notContains=null]. Consider exposing JMeter plugins via META-INF/services, and add JMeter-Skip-Class-Scanning=true manifest attribute so JMeter can skip classfile scanning
2025-01-17 15:14:20,905 INFO o.a.j.r.ClassFinder: Will scan jar C:\Users\LuisSandoval\OneDrive\Documentos\GitHub\jmeter_plugins\apache-jmeter-5.6.3\lib\ext\jmeter-plugins-casutg-2.10.jar with filter ExtendsClassFilter [parents=[interface org.apache.jmeter.gui.action.Command], inner=false, contains=null, notContains=null]. Consider exposing JMeter plugins via META-INF/services, and add JMeter-Skip-Class-Scanning=true manifest attribute so JMeter can skip classfile scanning
2025-01-17 15:14:20,922 INFO o.a.j.r.ClassFinder: Will scan jar C:\Users\LuisSandoval\OneDrive\Documentos\GitHub\jmeter_plugins\apache-jmeter-5.6.3\lib\ext\jmeter-debugger-0.6.jar with filter ExtendsClassFilter [parents=[interface org.apache.jmeter.gui.action.Command], inner=false, contains=null, notContains=null]. Consider exposing JMeter plugins via META-INF/services, and add JMeter-Skip-Class-Scanning=true manifest attribute so JMeter can skip classfile scanning
2025-01-17 15:14:21,008 INFO o.a.j.r.ClassFinder: Will scan jar C:\Users\LuisSandoval\OneDrive\Documentos\GitHub\jmeter_plugins\apache-jmeter-5.6.3\lib\ext\citrix-jmeter-0.7.7.jar with filter ExtendsClassFilter [parents=[interface org.apache.jmeter.gui.plugin.MenuCreator], inner=false, contains=null, notContains=null]. Consider exposing JMeter plugins via META-INF/services, and add JMeter-Skip-Class-Scanning=true manifest attribute so JMeter can skip classfile scanning
2025-01-17 15:14:21,020 INFO o.a.j.r.ClassFinder: Will scan jar C:\Users\LuisSandoval\OneDrive\Documentos\GitHub\jmeter_plugins\apache-jmeter-5.6.3\lib\ext\bzm-repositories-plugin-1.2.jar with filter ExtendsClassFilter [parents=[interface org.apache.jmeter.gui.plugin.MenuCreator], inner=false, contains=null, notContains=null]. Consider exposing JMeter plugins via META-INF/services, and add JMeter-Skip-Class-Scanning=true manifest attribute so JMeter can skip classfile scanning
2025-01-17 15:14:21,023 INFO o.a.j.r.ClassFinder: Will scan jar C:\Users\LuisSandoval\OneDrive\Documentos\GitHub\jmeter_plugins\apache-jmeter-5.6.3\lib\ext\jmeter-plugins-senseuploader-3.5.jar with filter ExtendsClassFilter [parents=[interface org.apache.jmeter.gui.plugin.MenuCreator], inner=false, contains=null, notContains=null]. Consider exposing JMeter plugins via META-INF/services, and add JMeter-Skip-Class-Scanning=true manifest attribute so JMeter can skip classfile scanning
2025-01-17 15:14:21,024 INFO o.a.j.r.ClassFinder: Will scan jar C:\Users\LuisSandoval\OneDrive\Documentos\GitHub\jmeter_plugins\apache-jmeter-5.6.3\lib\ext\jmeter-bzm-rte-3.3.jar with filter ExtendsClassFilter [parents=[interface org.apache.jmeter.gui.plugin.MenuCreator], inner=false, contains=null, notContains=null]. Consider exposing JMeter plugins via META-INF/services, and add JMeter-Skip-Class-Scanning=true manifest attribute so JMeter can skip classfile scanning
2025-01-17 15:14:21,025 INFO o.a.j.r.ClassFinder: Will scan jar C:\Users\LuisSandoval\OneDrive\Documentos\GitHub\jmeter_plugins\apache-jmeter-5.6.3\lib\ext\jmeter-bzm-http2-2.0.5.jar with filter ExtendsClassFilter [parents=[interface org.apache.jmeter.gui.plugin.MenuCreator], inner=false, contains=null, notContains=null]. Consider exposing JMeter plugins via META-INF/services, and add JMeter-Skip-Class-Scanning=true manifest attribute so JMeter can skip classfile scanning
2025-01-17 15:14:21,027 INFO o.a.j.r.ClassFinder: Will scan jar C:\Users\LuisSandoval\OneDrive\Documentos\GitHub\jmeter_plugins\apache-jmeter-5.6.3\lib\ext\jmeter-bzm-http2-1.6.2.jar with filter ExtendsClassFilter [parents=[interface org.apache.jmeter.gui.plugin.MenuCreator], inner=false, contains=null, notContains=null]. Consider exposing JMeter plugins via META-INF/services, and add JMeter-Skip-Class-Scanning=true manifest attribute so JMeter can skip classfile scanning
2025-01-17 15:14:21,030 INFO o.a.j.r.ClassFinder: Will scan jar C:\Users\LuisSandoval\OneDrive\Documentos\GitHub\jmeter_plugins\apache-jmeter-5.6.3\lib\ext\jmeter-bzm-correlation-recorder-2.5.jar with filter ExtendsClassFilter [parents=[interface org.apache.jmeter.gui.plugin.MenuCreator], inner=false, contains=null, notContains=null]. Consider exposing JMeter plugins via META-INF/services, and add JMeter-Skip-Class-Scanning=true manifest attribute so JMeter can skip classfile scanning
2025-01-17 15:14:21,033 INFO o.a.j.r.ClassFinder: Will scan jar C:\Users\LuisSandoval\OneDrive\Documentos\GitHub\jmeter_plugins\apache-jmeter-5.6.3\lib\ext\jmeter-bzm-hls-3.1.jar with filter ExtendsClassFilter [parents=[interface org.apache.jmeter.gui.plugin.MenuCreator], inner=false, contains=null, notContains=null]. Consider exposing JMeter plugins via META-INF/services, and add JMeter-Skip-Class-Scanning=true manifest attribute so JMeter can skip classfile scanning
2025-01-17 15:14:21,034 INFO o.a.j.r.ClassFinder: Will scan jar C:\Users\LuisSandoval\OneDrive\Documentos\GitHub\jmeter_plugins\apache-jmeter-5.6.3\lib\ext\jmeter.backendlistener.elasticsearch-2.7.1.jar with filter ExtendsClassFilter [parents=[interface org.apache.jmeter.gui.plugin.MenuCreator], inner=false, contains=null, notContains=null]. Consider exposing JMeter plugins via META-INF/services, and add JMeter-Skip-Class-Scanning=true manifest attribute so JMeter can skip classfile scanning
2025-01-17 15:14:21,047 INFO o.a.j.r.ClassFinder: Will scan jar C:\Users\LuisSandoval\OneDrive\Documentos\GitHub\jmeter_plugins\apache-jmeter-5.6.3\lib\ext\jmeter-plugins-manager-1.10.jar with filter ExtendsClassFilter [parents=[interface org.apache.jmeter.gui.plugin.MenuCreator], inner=false, contains=null, notContains=null]. Consider exposing JMeter plugins via META-INF/services, and add JMeter-Skip-Class-Scanning=true manifest attribute so JMeter can skip classfile scanning
2025-01-17 15:14:21,048 INFO o.a.j.r.ClassFinder: Will scan jar C:\Users\LuisSandoval\OneDrive\Documentos\GitHub\jmeter_plugins\apache-jmeter-5.6.3\lib\ext\jmeter-plugins-casutg-2.10.jar with filter ExtendsClassFilter [parents=[interface org.apache.jmeter.gui.plugin.MenuCreator], inner=false, contains=null, notContains=null]. Consider exposing JMeter plugins via META-INF/services, and add JMeter-Skip-Class-Scanning=true manifest attribute so JMeter can skip classfile scanning
2025-01-17 15:14:21,049 INFO o.a.j.r.ClassFinder: Will scan jar C:\Users\LuisSandoval\OneDrive\Documentos\GitHub\jmeter_plugins\apache-jmeter-5.6.3\lib\ext\jmeter-debugger-0.6.jar with filter ExtendsClassFilter [parents=[interface org.apache.jmeter.gui.plugin.MenuCreator], inner=false, contains=null, notContains=null]. Consider exposing JMeter plugins via META-INF/services, and add JMeter-Skip-Class-Scanning=true manifest attribute so JMeter can skip classfile scanning
2025-01-17 15:14:21,104 WARN o.j.r.PluginManager: Found JAR conflict: C:\Users\LuisSandoval\OneDrive\Documentos\GitHub\jmeter_plugins\apache-jmeter-5.6.3\lib\ext\jmeter-bzm-http2-2.0.5.jar and C:\Users\LuisSandoval\OneDrive\Documentos\GitHub\jmeter_plugins\apache-jmeter-5.6.3\lib\ext\jmeter-bzm-http2-1.6.2.jar
2025-01-17 15:14:21,314 INFO o.j.r.JARSourceHTTP: Requesting https://jmeter-plugins.org/repo/?installID=windows_10-efbbb9c0fda41bef9fecc195ffcadb73-gui
2025-01-17 15:14:24,210 INFO c.b.j.c.i.CitrixInstaller: Checking registry key in HKLM path:SOFTWARE\Wow6432Node\Citrix\Dazzle, key:Version
2025-01-17 15:14:24,389 INFO o.j.r.PluginManager: Plugins Status: [bzm-siebel=2.5, bzm-jmeter-citrix-plugin=0.7.7, bzm-hls=3.1, bzm-http2-legacy=1.6.2, bzm-http2=2.0.5, bzm-rte=3.3, bzm-repositories=1.2, blazemeter-debugger=0.6, jpgc-sense=3.5, jpgc-casutg=2.10, jmeter.backendlistener.elasticsearch=2.7.1, jpgc-plugins-manager=1.10, jmeter-core=5.6.3, jmeter-ftp=5.6.3, jmeter-http=5.6.3, jmeter-jdbc=5.6.3, jmeter-jms=5.6.3, jmeter-junit=5.6.3, jmeter-java=5.6.3, jmeter-ldap=5.6.3, jmeter-mail=5.6.3, jmeter-mongodb=5.6.3, jmeter-native=5.6.3, jmeter-tcp=5.6.3, jmeter-components=5.6.3]
2025-01-17 15:14:24,392 INFO o.j.r.PluginManagerMenuItem: Plugins Manager has upgrades: [bzm-siebel, bzm-repositories]
2025-01-17 15:14:25,612 WARN c.b.j.c.u.CitrixUtils: ERROR! Resource string not found: [when_the_application_starts,_press_the_button]
2025-01-17 15:14:25,653 INFO c.b.j.c.r.g.TemplateUpdater: Checking if we need to refresh XML template file C:\Users\LuisSandoval\OneDrive\Documentos\GitHub\jmeter_plugins\apache-jmeter-5.6.3\bin\templates/bzmCitrixTemplate.xml
2025-01-17 15:14:25,655 INFO c.b.j.c.r.g.TemplateUpdater: Checking if we need to refresh JMX template file C:\Users\LuisSandoval\OneDrive\Documentos\GitHub\jmeter_plugins\apache-jmeter-5.6.3\bin\templates/citrixRecordingTemplate.jmx
2025-01-17 15:14:25,657 INFO o.a.j.g.a.t.TemplateManager: Reading templates from: C:\Users\LuisSandoval\OneDrive\Documentos\GitHub\jmeter_plugins\apache-jmeter-5.6.3\bin\templates\templates.xml
2025-01-17 15:14:25,669 INFO c.b.j.c.r.g.TemplateUpdater: Registering template Template [isTestPlan=true, name=BlazeMeter Citrix Recording, fileName=/bin/templates/citrixRecordingTemplate.jmx, description=
        <h1>Template you can use to record a Citrix application called through ICA Client</h1>
        <p>This template is provided by Citrix Plugin which allows load testing Citrix Applications.<br/>
        Ensure you read Pre-requisites and User Manual before using the plugin. See <b>Useful links</b> below.
        Once the new plan is created update configuration properties on the Citrix Recorder element.
        </p>
        <h2>Useful links</h2>
            <ul>
                <li><a href="https://github.com/Blazemeter/CitrixPlugin/blob/master/PRE_REQUISITES.md" >Pre-requisites</a></li>
                <li><a href="https://github.com/Blazemeter/CitrixPlugin/blob/master/SETUP.md" >Setup</a></li>
                <li><a href="https://github.com/Blazemeter/CitrixPlugin/blob/master/README.md" >User manual</a></li>
                <li><a href="https://github.com/Blazemeter/CitrixPlugin/blob/master/TROUBLESHOOTING.md" >Troubleshooting</a></li>
            </ul>
        , parameters=null]
2025-01-17 15:14:25,739 INFO c.b.j.c.c.t.LocalConfiguration: Installing default files
2025-01-17 15:14:25,748 INFO c.b.j.c.c.t.LocalConfiguration: bzm - Correlation Recorder Test Plan Template installed
2025-01-17 15:14:25,751 INFO c.b.j.c.c.t.LocalConfiguration: Siebel Correlation's Template installed
2025-01-17 15:14:25,752 INFO c.b.j.c.c.t.LocalConfiguration: correlation.properties file loaded
2025-01-17 15:14:25,986 INFO o.a.j.e.KeyToolUtils: keytool found at 'keytool'
2025-01-17 15:14:25,986 INFO o.a.j.p.h.p.ProxyControl: HTTP(S) Test Script Recorder SSL Proxy will use keys that support embedded 3rd party resources in file C:\Users\LuisSandoval\OneDrive\Documentos\GitHub\jmeter_plugins\apache-jmeter-5.6.3\bin\proxyserver.jks
2025-01-17 15:14:26,118 INFO o.a.j.p.h.s.HTTPSamplerBase: Parser for text/html is org.apache.jmeter.protocol.http.parser.LagartoBasedHtmlParser
2025-01-17 15:14:26,119 INFO o.a.j.p.h.s.HTTPSamplerBase: Parser for application/xhtml+xml is org.apache.jmeter.protocol.http.parser.LagartoBasedHtmlParser
2025-01-17 15:14:26,119 INFO o.a.j.p.h.s.HTTPSamplerBase: Parser for application/xml is org.apache.jmeter.protocol.http.parser.LagartoBasedHtmlParser
2025-01-17 15:14:26,119 INFO o.a.j.p.h.s.HTTPSamplerBase: Parser for text/xml is org.apache.jmeter.protocol.http.parser.LagartoBasedHtmlParser
2025-01-17 15:14:26,119 INFO o.a.j.p.h.s.HTTPSamplerBase: Parser for text/vnd.wap.wml is org.apache.jmeter.protocol.http.parser.RegexpHTMLParser
2025-01-17 15:14:26,119 INFO o.a.j.p.h.s.HTTPSamplerBase: Parser for text/css is org.apache.jmeter.protocol.http.parser.CssParser
2025-01-17 15:14:26,270 INFO o.a.j.s.SaveService: Testplan (JMX) version: 2.2. Testlog (JTL) version: 2.2
2025-01-17 15:14:26,280 INFO o.a.j.s.SaveService: Using SaveService properties file encoding UTF-8
2025-01-17 15:14:26,282 INFO o.a.j.s.SaveService: Using SaveService properties version 5.0
2025-01-17 15:14:26,371 WARN o.a.j.u.JMeterUtils: no icon for toolbar/19x19arrow-right-3.png
2025-01-17 15:14:26,375 INFO o.a.j.s.SampleResult: Note: Sample TimeStamps are START times
2025-01-17 15:14:26,375 INFO o.a.j.s.SampleResult: sampleresult.default.encoding is set to UTF-8
2025-01-17 15:14:26,375 INFO o.a.j.s.SampleResult: sampleresult.useNanoTime=true
2025-01-17 15:14:26,375 INFO o.a.j.s.SampleResult: sampleresult.nanoThreadSleep=5000
2025-01-17 15:14:26,483 INFO o.a.j.r.ClassFinder: Will scan jar C:\Users\LuisSandoval\OneDrive\Documentos\GitHub\jmeter_plugins\apache-jmeter-5.6.3\lib\ext\citrix-jmeter-0.7.7.jar with filter ExtendsClassFilter [parents=[interface org.apache.jmeter.visualizers.RequestView], inner=false, contains=null, notContains=null]. Consider exposing JMeter plugins via META-INF/services, and add JMeter-Skip-Class-Scanning=true manifest attribute so JMeter can skip classfile scanning
2025-01-17 15:14:26,494 INFO o.a.j.r.ClassFinder: Will scan jar C:\Users\LuisSandoval\OneDrive\Documentos\GitHub\jmeter_plugins\apache-jmeter-5.6.3\lib\ext\bzm-repositories-plugin-1.2.jar with filter ExtendsClassFilter [parents=[interface org.apache.jmeter.visualizers.RequestView], inner=false, contains=null, notContains=null]. Consider exposing JMeter plugins via META-INF/services, and add JMeter-Skip-Class-Scanning=true manifest attribute so JMeter can skip classfile scanning
2025-01-17 15:14:26,496 INFO o.a.j.r.ClassFinder: Will scan jar C:\Users\LuisSandoval\OneDrive\Documentos\GitHub\jmeter_plugins\apache-jmeter-5.6.3\lib\ext\jmeter-plugins-senseuploader-3.5.jar with filter ExtendsClassFilter [parents=[interface org.apache.jmeter.visualizers.RequestView], inner=false, contains=null, notContains=null]. Consider exposing JMeter plugins via META-INF/services, and add JMeter-Skip-Class-Scanning=true manifest attribute so JMeter can skip classfile scanning
2025-01-17 15:14:26,497 INFO o.a.j.r.ClassFinder: Will scan jar C:\Users\LuisSandoval\OneDrive\Documentos\GitHub\jmeter_plugins\apache-jmeter-5.6.3\lib\ext\jmeter-bzm-rte-3.3.jar with filter ExtendsClassFilter [parents=[interface org.apache.jmeter.visualizers.RequestView], inner=false, contains=null, notContains=null]. Consider exposing JMeter plugins via META-INF/services, and add JMeter-Skip-Class-Scanning=true manifest attribute so JMeter can skip classfile scanning
2025-01-17 15:14:26,498 INFO o.a.j.r.ClassFinder: Will scan jar C:\Users\LuisSandoval\OneDrive\Documentos\GitHub\jmeter_plugins\apache-jmeter-5.6.3\lib\ext\jmeter-bzm-http2-2.0.5.jar with filter ExtendsClassFilter [parents=[interface org.apache.jmeter.visualizers.RequestView], inner=false, contains=null, notContains=null]. Consider exposing JMeter plugins via META-INF/services, and add JMeter-Skip-Class-Scanning=true manifest attribute so JMeter can skip classfile scanning
2025-01-17 15:14:26,500 INFO o.a.j.r.ClassFinder: Will scan jar C:\Users\LuisSandoval\OneDrive\Documentos\GitHub\jmeter_plugins\apache-jmeter-5.6.3\lib\ext\jmeter-bzm-http2-1.6.2.jar with filter ExtendsClassFilter [parents=[interface org.apache.jmeter.visualizers.RequestView], inner=false, contains=null, notContains=null]. Consider exposing JMeter plugins via META-INF/services, and add JMeter-Skip-Class-Scanning=true manifest attribute so JMeter can skip classfile scanning
2025-01-17 15:14:26,502 INFO o.a.j.r.ClassFinder: Will scan jar C:\Users\LuisSandoval\OneDrive\Documentos\GitHub\jmeter_plugins\apache-jmeter-5.6.3\lib\ext\jmeter-bzm-correlation-recorder-2.5.jar with filter ExtendsClassFilter [parents=[interface org.apache.jmeter.visualizers.RequestView], inner=false, contains=null, notContains=null]. Consider exposing JMeter plugins via META-INF/services, and add JMeter-Skip-Class-Scanning=true manifest attribute so JMeter can skip classfile scanning
2025-01-17 15:14:26,505 INFO o.a.j.r.ClassFinder: Will scan jar C:\Users\LuisSandoval\OneDrive\Documentos\GitHub\jmeter_plugins\apache-jmeter-5.6.3\lib\ext\jmeter-bzm-hls-3.1.jar with filter ExtendsClassFilter [parents=[interface org.apache.jmeter.visualizers.RequestView], inner=false, contains=null, notContains=null]. Consider exposing JMeter plugins via META-INF/services, and add JMeter-Skip-Class-Scanning=true manifest attribute so JMeter can skip classfile scanning
2025-01-17 15:14:26,506 INFO o.a.j.r.ClassFinder: Will scan jar C:\Users\LuisSandoval\OneDrive\Documentos\GitHub\jmeter_plugins\apache-jmeter-5.6.3\lib\ext\jmeter.backendlistener.elasticsearch-2.7.1.jar with filter ExtendsClassFilter [parents=[interface org.apache.jmeter.visualizers.RequestView], inner=false, contains=null, notContains=null]. Consider exposing JMeter plugins via META-INF/services, and add JMeter-Skip-Class-Scanning=true manifest attribute so JMeter can skip classfile scanning
2025-01-17 15:14:26,518 INFO o.a.j.r.ClassFinder: Will scan jar C:\Users\LuisSandoval\OneDrive\Documentos\GitHub\jmeter_plugins\apache-jmeter-5.6.3\lib\ext\jmeter-plugins-manager-1.10.jar with filter ExtendsClassFilter [parents=[interface org.apache.jmeter.visualizers.RequestView], inner=false, contains=null, notContains=null]. Consider exposing JMeter plugins via META-INF/services, and add JMeter-Skip-Class-Scanning=true manifest attribute so JMeter can skip classfile scanning
2025-01-17 15:14:26,520 INFO o.a.j.r.ClassFinder: Will scan jar C:\Users\LuisSandoval\OneDrive\Documentos\GitHub\jmeter_plugins\apache-jmeter-5.6.3\lib\ext\jmeter-plugins-casutg-2.10.jar with filter ExtendsClassFilter [parents=[interface org.apache.jmeter.visualizers.RequestView], inner=false, contains=null, notContains=null]. Consider exposing JMeter plugins via META-INF/services, and add JMeter-Skip-Class-Scanning=true manifest attribute so JMeter can skip classfile scanning
2025-01-17 15:14:26,520 INFO o.a.j.r.ClassFinder: Will scan jar C:\Users\LuisSandoval\OneDrive\Documentos\GitHub\jmeter_plugins\apache-jmeter-5.6.3\lib\ext\jmeter-debugger-0.6.jar with filter ExtendsClassFilter [parents=[interface org.apache.jmeter.visualizers.RequestView], inner=false, contains=null, notContains=null]. Consider exposing JMeter plugins via META-INF/services, and add JMeter-Skip-Class-Scanning=true manifest attribute so JMeter can skip classfile scanning
2025-01-17 15:14:28,862 INFO o.a.j.s.FileServer: Default base='C:\Users\LuisSandoval\OneDrive\Documentos\GitHub\jmeter_plugins\apache-jmeter-5.6.3\bin'
2025-01-17 15:14:28,864 INFO o.a.j.g.a.Load: Loading file: C:\Users\LuisSandoval\OneDrive\Escritorio\POC\PoC.jmx
2025-01-17 15:14:28,865 INFO o.a.j.s.FileServer: Set new base='C:\Users\LuisSandoval\OneDrive\Escritorio\POC'
2025-01-17 15:14:28,865 INFO o.a.j.s.SaveService: Loading file: C:\Users\LuisSandoval\OneDrive\Escritorio\POC\PoC.jmx
2025-01-17 15:14:28,977 INFO o.a.j.p.h.c.CookieManager: Settings: Delete null: true Check: true Allow variable: true Save: false Prefix: COOKIE_
2025-01-17 15:14:29,991 INFO o.a.j.r.ClassFinder: Will scan jar C:\Users\LuisSandoval\OneDrive\Documentos\GitHub\jmeter_plugins\apache-jmeter-5.6.3\lib\ext\citrix-jmeter-0.7.7.jar with filter ExtendsClassFilter [parents=[interface org.apache.jmeter.visualizers.backend.BackendListenerClient], inner=false, contains=null, notContains=null]. Consider exposing JMeter plugins via META-INF/services, and add JMeter-Skip-Class-Scanning=true manifest attribute so JMeter can skip classfile scanning
2025-01-17 15:14:30,003 INFO o.a.j.r.ClassFinder: Will scan jar C:\Users\LuisSandoval\OneDrive\Documentos\GitHub\jmeter_plugins\apache-jmeter-5.6.3\lib\ext\bzm-repositories-plugin-1.2.jar with filter ExtendsClassFilter [parents=[interface org.apache.jmeter.visualizers.backend.BackendListenerClient], inner=false, contains=null, notContains=null]. Consider exposing JMeter plugins via META-INF/services, and add JMeter-Skip-Class-Scanning=true manifest attribute so JMeter can skip classfile scanning
2025-01-17 15:14:30,005 INFO o.a.j.r.ClassFinder: Will scan jar C:\Users\LuisSandoval\OneDrive\Documentos\GitHub\jmeter_plugins\apache-jmeter-5.6.3\lib\ext\jmeter-plugins-senseuploader-3.5.jar with filter ExtendsClassFilter [parents=[interface org.apache.jmeter.visualizers.backend.BackendListenerClient], inner=false, contains=null, notContains=null]. Consider exposing JMeter plugins via META-INF/services, and add JMeter-Skip-Class-Scanning=true manifest attribute so JMeter can skip classfile scanning
2025-01-17 15:14:30,006 INFO o.a.j.r.ClassFinder: Will scan jar C:\Users\LuisSandoval\OneDrive\Documentos\GitHub\jmeter_plugins\apache-jmeter-5.6.3\lib\ext\jmeter-bzm-rte-3.3.jar with filter ExtendsClassFilter [parents=[interface org.apache.jmeter.visualizers.backend.BackendListenerClient], inner=false, contains=null, notContains=null]. Consider exposing JMeter plugins via META-INF/services, and add JMeter-Skip-Class-Scanning=true manifest attribute so JMeter can skip classfile scanning
2025-01-17 15:14:30,007 INFO o.a.j.r.ClassFinder: Will scan jar C:\Users\LuisSandoval\OneDrive\Documentos\GitHub\jmeter_plugins\apache-jmeter-5.6.3\lib\ext\jmeter-bzm-http2-2.0.5.jar with filter ExtendsClassFilter [parents=[interface org.apache.jmeter.visualizers.backend.BackendListenerClient], inner=false, contains=null, notContains=null]. Consider exposing JMeter plugins via META-INF/services, and add JMeter-Skip-Class-Scanning=true manifest attribute so JMeter can skip classfile scanning
2025-01-17 15:14:30,010 INFO o.a.j.r.ClassFinder: Will scan jar C:\Users\LuisSandoval\OneDrive\Documentos\GitHub\jmeter_plugins\apache-jmeter-5.6.3\lib\ext\jmeter-bzm-http2-1.6.2.jar with filter ExtendsClassFilter [parents=[interface org.apache.jmeter.visualizers.backend.BackendListenerClient], inner=false, contains=null, notContains=null]. Consider exposing JMeter plugins via META-INF/services, and add JMeter-Skip-Class-Scanning=true manifest attribute so JMeter can skip classfile scanning
2025-01-17 15:14:30,012 INFO o.a.j.r.ClassFinder: Will scan jar C:\Users\LuisSandoval\OneDrive\Documentos\GitHub\jmeter_plugins\apache-jmeter-5.6.3\lib\ext\jmeter-bzm-correlation-recorder-2.5.jar with filter ExtendsClassFilter [parents=[interface org.apache.jmeter.visualizers.backend.BackendListenerClient], inner=false, contains=null, notContains=null]. Consider exposing JMeter plugins via META-INF/services, and add JMeter-Skip-Class-Scanning=true manifest attribute so JMeter can skip classfile scanning
2025-01-17 15:14:30,015 INFO o.a.j.r.ClassFinder: Will scan jar C:\Users\LuisSandoval\OneDrive\Documentos\GitHub\jmeter_plugins\apache-jmeter-5.6.3\lib\ext\jmeter-bzm-hls-3.1.jar with filter ExtendsClassFilter [parents=[interface org.apache.jmeter.visualizers.backend.BackendListenerClient], inner=false, contains=null, notContains=null]. Consider exposing JMeter plugins via META-INF/services, and add JMeter-Skip-Class-Scanning=true manifest attribute so JMeter can skip classfile scanning
2025-01-17 15:14:30,016 INFO o.a.j.r.ClassFinder: Will scan jar C:\Users\LuisSandoval\OneDrive\Documentos\GitHub\jmeter_plugins\apache-jmeter-5.6.3\lib\ext\jmeter.backendlistener.elasticsearch-2.7.1.jar with filter ExtendsClassFilter [parents=[interface org.apache.jmeter.visualizers.backend.BackendListenerClient], inner=false, contains=null, notContains=null]. Consider exposing JMeter plugins via META-INF/services, and add JMeter-Skip-Class-Scanning=true manifest attribute so JMeter can skip classfile scanning
2025-01-17 15:14:30,029 INFO o.a.j.r.ClassFinder: Will scan jar C:\Users\LuisSandoval\OneDrive\Documentos\GitHub\jmeter_plugins\apache-jmeter-5.6.3\lib\ext\jmeter-plugins-manager-1.10.jar with filter ExtendsClassFilter [parents=[interface org.apache.jmeter.visualizers.backend.BackendListenerClient], inner=false, contains=null, notContains=null]. Consider exposing JMeter plugins via META-INF/services, and add JMeter-Skip-Class-Scanning=true manifest attribute so JMeter can skip classfile scanning
2025-01-17 15:14:30,031 INFO o.a.j.r.ClassFinder: Will scan jar C:\Users\LuisSandoval\OneDrive\Documentos\GitHub\jmeter_plugins\apache-jmeter-5.6.3\lib\ext\jmeter-plugins-casutg-2.10.jar with filter ExtendsClassFilter [parents=[interface org.apache.jmeter.visualizers.backend.BackendListenerClient], inner=false, contains=null, notContains=null]. Consider exposing JMeter plugins via META-INF/services, and add JMeter-Skip-Class-Scanning=true manifest attribute so JMeter can skip classfile scanning
2025-01-17 15:14:30,032 INFO o.a.j.r.ClassFinder: Will scan jar C:\Users\LuisSandoval\OneDrive\Documentos\GitHub\jmeter_plugins\apache-jmeter-5.6.3\lib\ext\jmeter-debugger-0.6.jar with filter ExtendsClassFilter [parents=[interface org.apache.jmeter.visualizers.backend.BackendListenerClient], inner=false, contains=null, notContains=null]. Consider exposing JMeter plugins via META-INF/services, and add JMeter-Skip-Class-Scanning=true manifest attribute so JMeter can skip classfile scanning
2025-01-17 15:14:30,058 INFO o.a.j.r.ClassFinder: Will scan jar C:\Users\LuisSandoval\OneDrive\Documentos\GitHub\jmeter_plugins\apache-jmeter-5.6.3\lib\ext\citrix-jmeter-0.7.7.jar with filter ExtendsClassFilter [parents=[interface org.apache.jmeter.visualizers.ResultRenderer], inner=false, contains=null, notContains=null]. Consider exposing JMeter plugins via META-INF/services, and add JMeter-Skip-Class-Scanning=true manifest attribute so JMeter can skip classfile scanning
2025-01-17 15:14:30,070 INFO o.a.j.r.ClassFinder: Will scan jar C:\Users\LuisSandoval\OneDrive\Documentos\GitHub\jmeter_plugins\apache-jmeter-5.6.3\lib\ext\bzm-repositories-plugin-1.2.jar with filter ExtendsClassFilter [parents=[interface org.apache.jmeter.visualizers.ResultRenderer], inner=false, contains=null, notContains=null]. Consider exposing JMeter plugins via META-INF/services, and add JMeter-Skip-Class-Scanning=true manifest attribute so JMeter can skip classfile scanning
2025-01-17 15:14:30,072 INFO o.a.j.r.ClassFinder: Will scan jar C:\Users\LuisSandoval\OneDrive\Documentos\GitHub\jmeter_plugins\apache-jmeter-5.6.3\lib\ext\jmeter-plugins-senseuploader-3.5.jar with filter ExtendsClassFilter [parents=[interface org.apache.jmeter.visualizers.ResultRenderer], inner=false, contains=null, notContains=null]. Consider exposing JMeter plugins via META-INF/services, and add JMeter-Skip-Class-Scanning=true manifest attribute so JMeter can skip classfile scanning
2025-01-17 15:14:30,073 INFO o.a.j.r.ClassFinder: Will scan jar C:\Users\LuisSandoval\OneDrive\Documentos\GitHub\jmeter_plugins\apache-jmeter-5.6.3\lib\ext\jmeter-bzm-rte-3.3.jar with filter ExtendsClassFilter [parents=[interface org.apache.jmeter.visualizers.ResultRenderer], inner=false, contains=null, notContains=null]. Consider exposing JMeter plugins via META-INF/services, and add JMeter-Skip-Class-Scanning=true manifest attribute so JMeter can skip classfile scanning
2025-01-17 15:14:30,074 INFO o.a.j.r.ClassFinder: Will scan jar C:\Users\LuisSandoval\OneDrive\Documentos\GitHub\jmeter_plugins\apache-jmeter-5.6.3\lib\ext\jmeter-bzm-http2-2.0.5.jar with filter ExtendsClassFilter [parents=[interface org.apache.jmeter.visualizers.ResultRenderer], inner=false, contains=null, notContains=null]. Consider exposing JMeter plugins via META-INF/services, and add JMeter-Skip-Class-Scanning=true manifest attribute so JMeter can skip classfile scanning
2025-01-17 15:14:30,076 INFO o.a.j.r.ClassFinder: Will scan jar C:\Users\LuisSandoval\OneDrive\Documentos\GitHub\jmeter_plugins\apache-jmeter-5.6.3\lib\ext\jmeter-bzm-http2-1.6.2.jar with filter ExtendsClassFilter [parents=[interface org.apache.jmeter.visualizers.ResultRenderer], inner=false, contains=null, notContains=null]. Consider exposing JMeter plugins via META-INF/services, and add JMeter-Skip-Class-Scanning=true manifest attribute so JMeter can skip classfile scanning
2025-01-17 15:14:30,078 INFO o.a.j.r.ClassFinder: Will scan jar C:\Users\LuisSandoval\OneDrive\Documentos\GitHub\jmeter_plugins\apache-jmeter-5.6.3\lib\ext\jmeter-bzm-correlation-recorder-2.5.jar with filter ExtendsClassFilter [parents=[interface org.apache.jmeter.visualizers.ResultRenderer], inner=false, contains=null, notContains=null]. Consider exposing JMeter plugins via META-INF/services, and add JMeter-Skip-Class-Scanning=true manifest attribute so JMeter can skip classfile scanning
2025-01-17 15:14:30,082 INFO o.a.j.r.ClassFinder: Will scan jar C:\Users\LuisSandoval\OneDrive\Documentos\GitHub\jmeter_plugins\apache-jmeter-5.6.3\lib\ext\jmeter-bzm-hls-3.1.jar with filter ExtendsClassFilter [parents=[interface org.apache.jmeter.visualizers.ResultRenderer], inner=false, contains=null, notContains=null]. Consider exposing JMeter plugins via META-INF/services, and add JMeter-Skip-Class-Scanning=true manifest attribute so JMeter can skip classfile scanning
2025-01-17 15:14:30,082 INFO o.a.j.r.ClassFinder: Will scan jar C:\Users\LuisSandoval\OneDrive\Documentos\GitHub\jmeter_plugins\apache-jmeter-5.6.3\lib\ext\jmeter.backendlistener.elasticsearch-2.7.1.jar with filter ExtendsClassFilter [parents=[interface org.apache.jmeter.visualizers.ResultRenderer], inner=false, contains=null, notContains=null]. Consider exposing JMeter plugins via META-INF/services, and add JMeter-Skip-Class-Scanning=true manifest attribute so JMeter can skip classfile scanning
2025-01-17 15:14:30,095 INFO o.a.j.r.ClassFinder: Will scan jar C:\Users\LuisSandoval\OneDrive\Documentos\GitHub\jmeter_plugins\apache-jmeter-5.6.3\lib\ext\jmeter-plugins-manager-1.10.jar with filter ExtendsClassFilter [parents=[interface org.apache.jmeter.visualizers.ResultRenderer], inner=false, contains=null, notContains=null]. Consider exposing JMeter plugins via META-INF/services, and add JMeter-Skip-Class-Scanning=true manifest attribute so JMeter can skip classfile scanning
2025-01-17 15:14:30,097 INFO o.a.j.r.ClassFinder: Will scan jar C:\Users\LuisSandoval\OneDrive\Documentos\GitHub\jmeter_plugins\apache-jmeter-5.6.3\lib\ext\jmeter-plugins-casutg-2.10.jar with filter ExtendsClassFilter [parents=[interface org.apache.jmeter.visualizers.ResultRenderer], inner=false, contains=null, notContains=null]. Consider exposing JMeter plugins via META-INF/services, and add JMeter-Skip-Class-Scanning=true manifest attribute so JMeter can skip classfile scanning
2025-01-17 15:14:30,098 INFO o.a.j.r.ClassFinder: Will scan jar C:\Users\LuisSandoval\OneDrive\Documentos\GitHub\jmeter_plugins\apache-jmeter-5.6.3\lib\ext\jmeter-debugger-0.6.jar with filter ExtendsClassFilter [parents=[interface org.apache.jmeter.visualizers.ResultRenderer], inner=false, contains=null, notContains=null]. Consider exposing JMeter plugins via META-INF/services, and add JMeter-Skip-Class-Scanning=true manifest attribute so JMeter can skip classfile scanning
2025-01-17 15:14:30,111 INFO o.a.j.r.ClassFinder: Will scan jar C:\Users\LuisSandoval\OneDrive\Documentos\GitHub\jmeter_plugins\apache-jmeter-5.6.3\lib\ext\citrix-jmeter-0.7.7.jar with filter ExtendsClassFilter [parents=[interface org.apache.jmeter.visualizers.RequestView], inner=false, contains=null, notContains=null]. Consider exposing JMeter plugins via META-INF/services, and add JMeter-Skip-Class-Scanning=true manifest attribute so JMeter can skip classfile scanning
2025-01-17 15:14:30,122 INFO o.a.j.r.ClassFinder: Will scan jar C:\Users\LuisSandoval\OneDrive\Documentos\GitHub\jmeter_plugins\apache-jmeter-5.6.3\lib\ext\bzm-repositories-plugin-1.2.jar with filter ExtendsClassFilter [parents=[interface org.apache.jmeter.visualizers.RequestView], inner=false, contains=null, notContains=null]. Consider exposing JMeter plugins via META-INF/services, and add JMeter-Skip-Class-Scanning=true manifest attribute so JMeter can skip classfile scanning
2025-01-17 15:14:30,124 INFO o.a.j.r.ClassFinder: Will scan jar C:\Users\LuisSandoval\OneDrive\Documentos\GitHub\jmeter_plugins\apache-jmeter-5.6.3\lib\ext\jmeter-plugins-senseuploader-3.5.jar with filter ExtendsClassFilter [parents=[interface org.apache.jmeter.visualizers.RequestView], inner=false, contains=null, notContains=null]. Consider exposing JMeter plugins via META-INF/services, and add JMeter-Skip-Class-Scanning=true manifest attribute so JMeter can skip classfile scanning
2025-01-17 15:14:30,125 INFO o.a.j.r.ClassFinder: Will scan jar C:\Users\LuisSandoval\OneDrive\Documentos\GitHub\jmeter_plugins\apache-jmeter-5.6.3\lib\ext\jmeter-bzm-rte-3.3.jar with filter ExtendsClassFilter [parents=[interface org.apache.jmeter.visualizers.RequestView], inner=false, contains=null, notContains=null]. Consider exposing JMeter plugins via META-INF/services, and add JMeter-Skip-Class-Scanning=true manifest attribute so JMeter can skip classfile scanning
2025-01-17 15:14:30,126 INFO o.a.j.r.ClassFinder: Will scan jar C:\Users\LuisSandoval\OneDrive\Documentos\GitHub\jmeter_plugins\apache-jmeter-5.6.3\lib\ext\jmeter-bzm-http2-2.0.5.jar with filter ExtendsClassFilter [parents=[interface org.apache.jmeter.visualizers.RequestView], inner=false, contains=null, notContains=null]. Consider exposing JMeter plugins via META-INF/services, and add JMeter-Skip-Class-Scanning=true manifest attribute so JMeter can skip classfile scanning
2025-01-17 15:14:30,128 INFO o.a.j.r.ClassFinder: Will scan jar C:\Users\LuisSandoval\OneDrive\Documentos\GitHub\jmeter_plugins\apache-jmeter-5.6.3\lib\ext\jmeter-bzm-http2-1.6.2.jar with filter ExtendsClassFilter [parents=[interface org.apache.jmeter.visualizers.RequestView], inner=false, contains=null, notContains=null]. Consider exposing JMeter plugins via META-INF/services, and add JMeter-Skip-Class-Scanning=true manifest attribute so JMeter can skip classfile scanning
2025-01-17 15:14:30,130 INFO o.a.j.r.ClassFinder: Will scan jar C:\Users\LuisSandoval\OneDrive\Documentos\GitHub\jmeter_plugins\apache-jmeter-5.6.3\lib\ext\jmeter-bzm-correlation-recorder-2.5.jar with filter ExtendsClassFilter [parents=[interface org.apache.jmeter.visualizers.RequestView], inner=false, contains=null, notContains=null]. Consider exposing JMeter plugins via META-INF/services, and add JMeter-Skip-Class-Scanning=true manifest attribute so JMeter can skip classfile scanning
2025-01-17 15:14:30,133 INFO o.a.j.r.ClassFinder: Will scan jar C:\Users\LuisSandoval\OneDrive\Documentos\GitHub\jmeter_plugins\apache-jmeter-5.6.3\lib\ext\jmeter-bzm-hls-3.1.jar with filter ExtendsClassFilter [parents=[interface org.apache.jmeter.visualizers.RequestView], inner=false, contains=null, notContains=null]. Consider exposing JMeter plugins via META-INF/services, and add JMeter-Skip-Class-Scanning=true manifest attribute so JMeter can skip classfile scanning
2025-01-17 15:14:30,134 INFO o.a.j.r.ClassFinder: Will scan jar C:\Users\LuisSandoval\OneDrive\Documentos\GitHub\jmeter_plugins\apache-jmeter-5.6.3\lib\ext\jmeter.backendlistener.elasticsearch-2.7.1.jar with filter ExtendsClassFilter [parents=[interface org.apache.jmeter.visualizers.RequestView], inner=false, contains=null, notContains=null]. Consider exposing JMeter plugins via META-INF/services, and add JMeter-Skip-Class-Scanning=true manifest attribute so JMeter can skip classfile scanning
2025-01-17 15:14:30,146 INFO o.a.j.r.ClassFinder: Will scan jar C:\Users\LuisSandoval\OneDrive\Documentos\GitHub\jmeter_plugins\apache-jmeter-5.6.3\lib\ext\jmeter-plugins-manager-1.10.jar with filter ExtendsClassFilter [parents=[interface org.apache.jmeter.visualizers.RequestView], inner=false, contains=null, notContains=null]. Consider exposing JMeter plugins via META-INF/services, and add JMeter-Skip-Class-Scanning=true manifest attribute so JMeter can skip classfile scanning
2025-01-17 15:14:30,148 INFO o.a.j.r.ClassFinder: Will scan jar C:\Users\LuisSandoval\OneDrive\Documentos\GitHub\jmeter_plugins\apache-jmeter-5.6.3\lib\ext\jmeter-plugins-casutg-2.10.jar with filter ExtendsClassFilter [parents=[interface org.apache.jmeter.visualizers.RequestView], inner=false, contains=null, notContains=null]. Consider exposing JMeter plugins via META-INF/services, and add JMeter-Skip-Class-Scanning=true manifest attribute so JMeter can skip classfile scanning
2025-01-17 15:14:30,149 INFO o.a.j.r.ClassFinder: Will scan jar C:\Users\LuisSandoval\OneDrive\Documentos\GitHub\jmeter_plugins\apache-jmeter-5.6.3\lib\ext\jmeter-debugger-0.6.jar with filter ExtendsClassFilter [parents=[interface org.apache.jmeter.visualizers.RequestView], inner=false, contains=null, notContains=null]. Consider exposing JMeter plugins via META-INF/services, and add JMeter-Skip-Class-Scanning=true manifest attribute so JMeter can skip classfile scanning
2025-01-17 15:14:30,186 INFO o.a.j.s.FileServer: Set new base='C:\Users\LuisSandoval\OneDrive\Escritorio\POC'
